[INFO] Scanning for projects...
[INFO] 
[INFO] ---------------------< com.scentcepts:scentcepts >----------------------
[INFO] Building scentcepts 0.0.1-SNAPSHOT
[INFO]   from pom.xml
[INFO] --------------------------------[ jar ]---------------------------------
[INFO] 
[INFO] --- clean:3.5.0:clean (default-clean) @ scentcepts ---
[INFO] Deleting C:\Users\kimura\Documents\scentcepts\scentcepts\backend\target
[INFO] 
[INFO] --- resources:3.3.1:resources (default-resources) @ scentcepts ---
[INFO] Copying 1 resource from src\main\resources to target\classes
[INFO] Copying 6 resources from src\main\resources to target\classes
[INFO] 
[INFO] --- compiler:3.14.1:compile (default-compile) @ scentcepts ---
[INFO] Recompiling the module because of changed source code.
[INFO] Compiling 57 source files with javac [debug parameters release 21] to target\classes
[INFO] /C:/Users/kimura/Documents/scentcepts/scentcepts/backend/src/main/java/com/scentcepts/app/security/JwtAuthFilter.java: C:\Users\kimura\Documents\scentcepts\scentcepts\backend\src\main\java\com\scentcepts\app\security\JwtAuthFilter.java uses or overrides a deprecated API.
[INFO] /C:/Users/kimura/Documents/scentcepts/scentcepts/backend/src/main/java/com/scentcepts/app/security/JwtAuthFilter.java: Recompile with -Xlint:deprecation for details.
[INFO] ------------------------------------------------------------------------
[INFO] BUILD SUCCESS
[INFO] ------------------------------------------------------------------------
[INFO] Total time:  21.469 s
[INFO] Finished at: 2026-04-07T13:25:55+03:00
[INFO] ------------------------------------------------------------------------
